22:52:39.875 Api Request Received: messageType:GetStepValueRequest messageId:4 stepValueRequest:<stepText:"Almost all words have vowels <wordsTable>" hasInlineTable:false > 
22:52:39.887 Sending API response: messageType:GetStepValueResponse messageId:4 stepValueResponse:<stepValue:<stepValue:"Almost all words have vowels {}" parameterizedStepValue:"Almost all words have vowels <wordsTable>" parameters:"wordsTable" > > 
22:52:39.897 Api Request Received: messageType:GetStepValueRequest messageId:4 stepValueRequest:<stepText:"Vowels in English language are <vowelString>." hasInlineTable:false > 
22:52:39.898 Sending API response: messageType:GetStepValueResponse messageId:4 stepValueResponse:<stepValue:<stepValue:"Vowels in English language are {}." parameterizedStepValue:"Vowels in English language are <vowelString>." parameters:"vowelString" > > 
22:52:39.900 Api Request Received: messageType:GetStepValueRequest messageId:4 stepValueRequest:<stepText:"The word <word> has <expectedCount> vowels." hasInlineTable:false > 
22:52:39.901 Sending API response: messageType:GetStepValueResponse messageId:4 stepValueResponse:<stepValue:<stepValue:"The word {} has {} vowels." parameterizedStepValue:"The word <word> has <expectedCount> vowels." parameters:"word" parameters:"expectedCount" > > 
22:55:46.578 Api Request Received: messageType:GetStepValueRequest messageId:4 stepValueRequest:<stepText:"Almost all words have vowels <wordsTable>" hasInlineTable:false > 
22:55:46.579 Sending API response: messageType:GetStepValueResponse messageId:4 stepValueResponse:<stepValue:<stepValue:"Almost all words have vowels {}" parameterizedStepValue:"Almost all words have vowels <wordsTable>" parameters:"wordsTable" > > 
22:55:46.590 Api Request Received: messageType:GetStepValueRequest messageId:4 stepValueRequest:<stepText:"Vowels in English language are <vowelString>." hasInlineTable:false > 
22:55:46.590 Sending API response: messageType:GetStepValueResponse messageId:4 stepValueResponse:<stepValue:<stepValue:"Vowels in English language are {}." parameterizedStepValue:"Vowels in English language are <vowelString>." parameters:"vowelString" > > 
22:55:46.591 Api Request Received: messageType:GetStepValueRequest messageId:4 stepValueRequest:<stepText:"The word <word> has <expectedCount> vowels." hasInlineTable:false > 
22:55:46.591 Sending API response: messageType:GetStepValueResponse messageId:4 stepValueResponse:<stepValue:<stepValue:"The word {} has {} vowels." parameterizedStepValue:"The word <word> has <expectedCount> vowels." parameters:"word" parameters:"expectedCount" > > 
23:01:36.777 Failed to start execution API Service. GAUGE_API_V2_PORT Environment variable not set 
23:01:36.779 Watching directory: D:\Git\gauge-rtl\specs
23:01:36.779 Found 1 files
23:01:36.780 Initializing concepts cache with 0 concepts
23:01:36.782 Initializing specs cache with 1 specs
23:01:36.783 Adding specs from D:\Git\gauge-rtl\specs\example.spec
23:01:36.783 Initializing steps cache with 3 steps
23:01:37.250 Api Request Received: messageType:GetLanguagePluginLibPathRequest messageId:5 libPathRequest:<language:"java" > 
23:01:37.254 Sending API response: messageType:GetLanguagePluginLibPathResponse messageId:5 libPathResponse:<path:"C:\\Users\\Boaz\\AppData\\Roaming\\gauge\\plugins\\java\\0.5.1\\libs" > 
23:01:40.306 Api Request Received: messageType:GetLanguagePluginLibPathRequest messageId:5 libPathRequest:<language:"java" > 
23:01:40.310 Sending API response: messageType:GetLanguagePluginLibPathResponse messageId:5 libPathResponse:<path:"C:\\Users\\Boaz\\AppData\\Roaming\\gauge\\plugins\\java\\0.5.1\\libs" > 
23:01:40.698 Api Request Received: messageType:GetLanguagePluginLibPathRequest messageId:5 libPathRequest:<language:"java" > 
23:01:40.702 Sending API response: messageType:GetLanguagePluginLibPathResponse messageId:5 libPathResponse:<path:"C:\\Users\\Boaz\\AppData\\Roaming\\gauge\\plugins\\java\\0.5.1\\libs" > 
23:01:46.995 Api Request Received: messageType:GetStepValueRequest messageId:4 stepValueRequest:<stepText:"Almost all words have vowels <wordsTable>" hasInlineTable:false > 
23:01:47.028 Sending API response: messageType:GetStepValueResponse messageId:4 stepValueResponse:<stepValue:<stepValue:"Almost all words have vowels {}" parameterizedStepValue:"Almost all words have vowels <wordsTable>" parameters:"wordsTable" > > 
23:01:47.042 Api Request Received: messageType:GetStepValueRequest messageId:4 stepValueRequest:<stepText:"Vowels in English language are <vowelString>." hasInlineTable:false > 
23:01:47.042 Sending API response: messageType:GetStepValueResponse messageId:4 stepValueResponse:<stepValue:<stepValue:"Vowels in English language are {}." parameterizedStepValue:"Vowels in English language are <vowelString>." parameters:"vowelString" > > 
23:01:47.044 Api Request Received: messageType:GetStepValueRequest messageId:4 stepValueRequest:<stepText:"The word <word> has <expectedCount> vowels." hasInlineTable:false > 
23:01:47.044 Sending API response: messageType:GetStepValueResponse messageId:4 stepValueResponse:<stepValue:<stepValue:"The word {} has {} vowels." parameterizedStepValue:"The word <word> has <expectedCount> vowels." parameters:"word" parameters:"expectedCount" > > 
23:02:51.379 Api Request Received: messageType:GetStepValueRequest messageId:4 stepValueRequest:<stepText:"Vowels in English language are \"aeiou\"." hasInlineTable:false > 
23:02:51.380 Sending API response: messageType:GetStepValueResponse messageId:4 stepValueResponse:<stepValue:<stepValue:"Vowels in English language are {}." parameterizedStepValue:"Vowels in English language are <aeiou>." parameters:"aeiou" > > 
23:02:54.467 Api Request Received: messageType:GetStepValueRequest messageId:4 stepValueRequest:<stepText:"Vowels in English language are <vowelString>." hasInlineTable:false > 
23:02:54.471 Sending API response: messageType:GetStepValueResponse messageId:4 stepValueResponse:<stepValue:<stepValue:"Vowels in English language are {}." parameterizedStepValue:"Vowels in English language are <vowelString>." parameters:"vowelString" > > 
23:02:54.755 Api Request Received: messageType:GetStepValueRequest messageId:4 stepValueRequest:<stepText:"The word \"gauge\" has \"3\" vowels." hasInlineTable:false > 
23:02:54.756 Sending API response: messageType:GetStepValueResponse messageId:4 stepValueResponse:<stepValue:<stepValue:"The word {} has {} vowels." parameterizedStepValue:"The word <gauge> has <3> vowels." parameters:"gauge" parameters:"3" > > 
23:02:54.814 Api Request Received: messageType:GetStepValueRequest messageId:4 stepValueRequest:<stepText:"The word <word> has <expectedCount> vowels." hasInlineTable:false > 
23:02:54.815 Sending API response: messageType:GetStepValueResponse messageId:4 stepValueResponse:<stepValue:<stepValue:"The word {} has {} vowels." parameterizedStepValue:"The word <word> has <expectedCount> vowels." parameters:"word" parameters:"expectedCount" > > 
23:02:54.943 Api Request Received: messageType:GetStepValueRequest messageId:4 stepValueRequest:<stepText:"Almost all words have vowels" hasInlineTable:true > 
23:02:54.943 Sending API response: messageType:GetStepValueResponse messageId:4 stepValueResponse:<stepValue:<stepValue:"Almost all words have vowels {}" parameterizedStepValue:"Almost all words have vowels <table>" parameters:"table" > > 
23:02:54.953 Api Request Received: messageType:GetStepValueRequest messageId:4 stepValueRequest:<stepText:"Almost all words have vowels <wordsTable>" hasInlineTable:false > 
23:02:54.954 Sending API response: messageType:GetStepValueResponse messageId:4 stepValueResponse:<stepValue:<stepValue:"Almost all words have vowels {}" parameterizedStepValue:"Almost all words have vowels <wordsTable>" parameters:"wordsTable" > > 
23:15:05.191 Api Request Received: messageType:GetStepValueRequest messageId:4 stepValueRequest:<stepText:"Almost all words have vowels <wordsTable>" hasInlineTable:false > 
23:15:05.192 Sending API response: messageType:GetStepValueResponse messageId:4 stepValueResponse:<stepValue:<stepValue:"Almost all words have vowels {}" parameterizedStepValue:"Almost all words have vowels <wordsTable>" parameters:"wordsTable" > > 
23:15:05.224 Api Request Received: messageType:GetStepValueRequest messageId:4 stepValueRequest:<stepText:"Vowels in English language are <vowelString>." hasInlineTable:false > 
23:15:05.225 Sending API response: messageType:GetStepValueResponse messageId:4 stepValueResponse:<stepValue:<stepValue:"Vowels in English language are {}." parameterizedStepValue:"Vowels in English language are <vowelString>." parameters:"vowelString" > > 
23:15:05.226 Api Request Received: messageType:GetStepValueRequest messageId:4 stepValueRequest:<stepText:"The word <word> has <expectedCount> vowels." hasInlineTable:false > 
23:15:05.227 Sending API response: messageType:GetStepValueResponse messageId:4 stepValueResponse:<stepValue:<stepValue:"The word {} has {} vowels." parameterizedStepValue:"The word <word> has <expectedCount> vowels." parameters:"word" parameters:"expectedCount" > > 
23:17:53.589 Api Request Received: messageType:GetStepValueRequest messageId:4 stepValueRequest:<stepText:"\327\233\327\236\327\242\327\230 \327\234\327\233\327\234 \327\224\327\236\327\231\327\234\327\231\327\235 \327\231\327\251 \327\220\327\236\327\225\327\252 \327\247\327\250\327\231\327\220\327\224 <wordsTable>" hasInlineTable:false > 
23:17:53.590 Sending API response: messageType:GetStepValueResponse messageId:4 stepValueResponse:<stepValue:<stepValue:"\327\233\327\236\327\242\327\230 \327\234\327\233\327\234 \327\224\327\236\327\231\327\234\327\231\327\235 \327\231\327\251 \327\220\327\236\327\225\327\252 \327\247\327\250\327\231\327\220\327\224 {}" parameterizedStepValue:"\327\233\327\236\327\242\327\230 \327\234\327\233\327\234 \327\224\327\236\327\231\327\234\327\231\327\235 \327\231\327\251 \327\220\327\236\327\225\327\252 \327\247\327\250\327\231\327\220\327\224 <wordsTable>" parameters:"wordsTable" > > 
23:17:53.605 Api Request Received: messageType:GetStepValueRequest messageId:4 stepValueRequest:<stepText:"\327\220\327\236\327\225\327\252 \327\224\327\247\327\250\327\231\327\220\327\224 (\327\220\327\225\327\252 \327\224\327\236\327\246\327\231\327\231\327\240\327\252 \327\252\327\240\327\225\327\242\327\224) \327\221\327\242\327\221\327\250\327\231\327\252 \327\224\327\237 <vowelString>." hasInlineTable:false > 
23:17:53.605 Sending API response: messageType:GetStepValueResponse messageId:4 stepValueResponse:<stepValue:<stepValue:"\327\220\327\236\327\225\327\252 \327\224\327\247\327\250\327\231\327\220\327\224 (\327\220\327\225\327\252 \327\224\327\236\327\246\327\231\327\231\327\240\327\252 \327\252\327\240\327\225\327\242\327\224) \327\221\327\242\327\221\327\250\327\231\327\252 \327\224\327\237 {}." parameterizedStepValue:"\327\220\327\236\327\225\327\252 \327\224\327\247\327\250\327\231\327\220\327\224 (\327\220\327\225\327\252 \327\224\327\236\327\246\327\231\327\231\327\240\327\252 \327\252\327\240\327\225\327\242\327\224) \327\221\327\242\327\221\327\250\327\231\327\252 \327\224\327\237 <vowelString>." parameters:"vowelString" > > 
23:17:53.607 Api Request Received: messageType:GetStepValueRequest messageId:4 stepValueRequest:<stepText:"\327\224\327\236\327\231\327\234\327\224 <word> \327\236\327\233\327\231\327\234\327\224 <expectedCount> \327\220\327\236\327\225\327\252 \327\247\327\250\327\231\327\220\327\224." hasInlineTable:false > 
23:17:53.607 Sending API response: messageType:GetStepValueResponse messageId:4 stepValueResponse:<stepValue:<stepValue:"\327\224\327\236\327\231\327\234\327\224 {} \327\236\327\233\327\231\327\234\327\224 {} \327\220\327\236\327\225\327\252 \327\247\327\250\327\231\327\220\327\224." parameterizedStepValue:"\327\224\327\236\327\231\327\234\327\224 <word> \327\236\327\233\327\231\327\234\327\224 <expectedCount> \327\220\327\236\327\225\327\252 \327\247\327\250\327\231\327\220\327\224." parameters:"word" parameters:"expectedCount" > > 
23:22:33.562 Api Request Received: messageType:GetStepValueRequest messageId:4 stepValueRequest:<stepText:"\327\233\327\236\327\242\327\230 \327\234\327\233\327\234 \327\224\327\236\327\231\327\234\327\231\327\235 \327\231\327\251 \327\220\327\236\327\225\327\252 \327\247\327\250\327\231\327\220\327\224 <wordsTable>" hasInlineTable:false > 
23:22:33.564 Sending API response: messageType:GetStepValueResponse messageId:4 stepValueResponse:<stepValue:<stepValue:"\327\233\327\236\327\242\327\230 \327\234\327\233\327\234 \327\224\327\236\327\231\327\234\327\231\327\235 \327\231\327\251 \327\220\327\236\327\225\327\252 \327\247\327\250\327\231\327\220\327\224 {}" parameterizedStepValue:"\327\233\327\236\327\242\327\230 \327\234\327\233\327\234 \327\224\327\236\327\231\327\234\327\231\327\235 \327\231\327\251 \327\220\327\236\327\225\327\252 \327\247\327\250\327\231\327\220\327\224 <wordsTable>" parameters:"wordsTable" > > 
23:22:33.586 Api Request Received: messageType:GetStepValueRequest messageId:4 stepValueRequest:<stepText:"\327\220\327\236\327\225\327\252 \327\224\327\247\327\250\327\231\327\220\327\224 (\327\220\327\225\327\252 \327\224\327\236\327\246\327\231\327\231\327\240\327\252 \327\252\327\240\327\225\327\242\327\224) \327\221\327\242\327\221\327\250\327\231\327\252 \327\224\327\237 <vowelString>." hasInlineTable:false > 
23:22:33.586 Sending API response: messageType:GetStepValueResponse messageId:4 stepValueResponse:<stepValue:<stepValue:"\327\220\327\236\327\225\327\252 \327\224\327\247\327\250\327\231\327\220\327\224 (\327\220\327\225\327\252 \327\224\327\236\327\246\327\231\327\231\327\240\327\252 \327\252\327\240\327\225\327\242\327\224) \327\221\327\242\327\221\327\250\327\231\327\252 \327\224\327\237 {}." parameterizedStepValue:"\327\220\327\236\327\225\327\252 \327\224\327\247\327\250\327\231\327\220\327\224 (\327\220\327\225\327\252 \327\224\327\236\327\246\327\231\327\231\327\240\327\252 \327\252\327\240\327\225\327\242\327\224) \327\221\327\242\327\221\327\250\327\231\327\252 \327\224\327\237 <vowelString>." parameters:"vowelString" > > 
23:22:33.588 Api Request Received: messageType:GetStepValueRequest messageId:4 stepValueRequest:<stepText:"\327\224\327\236\327\231\327\234\327\224 <word> \327\236\327\233\327\231\327\234\327\224 <expectedCount> \327\220\327\236\327\225\327\252 \327\247\327\250\327\231\327\220\327\224." hasInlineTable:false > 
23:22:33.588 Sending API response: messageType:GetStepValueResponse messageId:4 stepValueResponse:<stepValue:<stepValue:"\327\224\327\236\327\231\327\234\327\224 {} \327\236\327\233\327\231\327\234\327\224 {} \327\220\327\236\327\225\327\252 \327\247\327\250\327\231\327\220\327\224." parameterizedStepValue:"\327\224\327\236\327\231\327\234\327\224 <word> \327\236\327\233\327\231\327\234\327\224 <expectedCount> \327\220\327\236\327\225\327\252 \327\247\327\250\327\231\327\220\327\224." parameters:"word" parameters:"expectedCount" > > 
23:34:58.188 Api Request Received: messageType:GetStepValueRequest messageId:4 stepValueRequest:<stepText:"\327\233\327\236\327\242\327\230 \327\234\327\233\327\234 \327\224\327\236\327\231\327\234\327\231\327\235 \327\231\327\251 \327\220\327\236\327\225\327\252 \327\247\327\250\327\231\327\220\327\224 <wordsTable>" hasInlineTable:false > 
23:34:58.191 Sending API response: messageType:GetStepValueResponse messageId:4 stepValueResponse:<stepValue:<stepValue:"\327\233\327\236\327\242\327\230 \327\234\327\233\327\234 \327\224\327\236\327\231\327\234\327\231\327\235 \327\231\327\251 \327\220\327\236\327\225\327\252 \327\247\327\250\327\231\327\220\327\224 {}" parameterizedStepValue:"\327\233\327\236\327\242\327\230 \327\234\327\233\327\234 \327\224\327\236\327\231\327\234\327\231\327\235 \327\231\327\251 \327\220\327\236\327\225\327\252 \327\247\327\250\327\231\327\220\327\224 <wordsTable>" parameters:"wordsTable" > > 
23:34:58.203 Api Request Received: messageType:GetStepValueRequest messageId:4 stepValueRequest:<stepText:"\327\220\327\236\327\225\327\252 \327\224\327\247\327\250\327\231\327\220\327\224 (\327\220\327\225\327\252 \327\224\327\236\327\246\327\231\327\231\327\240\327\252 \327\252\327\240\327\225\327\242\327\224) \327\221\327\242\327\221\327\250\327\231\327\252 \327\224\327\237 <vowelString>." hasInlineTable:false > 
23:34:58.203 Sending API response: messageType:GetStepValueResponse messageId:4 stepValueResponse:<stepValue:<stepValue:"\327\220\327\236\327\225\327\252 \327\224\327\247\327\250\327\231\327\220\327\224 (\327\220\327\225\327\252 \327\224\327\236\327\246\327\231\327\231\327\240\327\252 \327\252\327\240\327\225\327\242\327\224) \327\221\327\242\327\221\327\250\327\231\327\252 \327\224\327\237 {}." parameterizedStepValue:"\327\220\327\236\327\225\327\252 \327\224\327\247\327\250\327\231\327\220\327\224 (\327\220\327\225\327\252 \327\224\327\236\327\246\327\231\327\231\327\240\327\252 \327\252\327\240\327\225\327\242\327\224) \327\221\327\242\327\221\327\250\327\231\327\252 \327\224\327\237 <vowelString>." parameters:"vowelString" > > 
23:34:58.205 Api Request Received: messageType:GetStepValueRequest messageId:4 stepValueRequest:<stepText:"\327\224\327\236\327\231\327\234\327\224 <word> \327\236\327\233\327\231\327\234\327\224 <expectedCount> \327\220\327\236\327\225\327\252 \327\247\327\250\327\231\327\220\327\224." hasInlineTable:false > 
23:34:58.205 Sending API response: messageType:GetStepValueResponse messageId:4 stepValueResponse:<stepValue:<stepValue:"\327\224\327\236\327\231\327\234\327\224 {} \327\236\327\233\327\231\327\234\327\224 {} \327\220\327\236\327\225\327\252 \327\247\327\250\327\231\327\220\327\224." parameterizedStepValue:"\327\224\327\236\327\231\327\234\327\224 <word> \327\236\327\233\327\231\327\234\327\224 <expectedCount> \327\220\327\236\327\225\327\252 \327\247\327\250\327\231\327\220\327\224." parameters:"word" parameters:"expectedCount" > > 
